2016-01-03 21:51:54 load average
2016-01-03 21:51:58 load average
2016-01-03 21:59:15 load average
2016-01-03 21:59:19 load average
2016-01-03 22:57:06 load average
22:57:06 load is 2
22:57:06 502 0
2016-01-03 22:57:41 load average
22:57:41 load is 2
22:57:41 502 0
2016-01-03 22:58:30 load average
22:58:30 load is 2
22:58:30 502 0
2016-01-03 23:03:39 load average
23:03:39 load is 1
23:03:39 502 0
2016-01-04 22:07:44 load average
22:07:44 load is 0
22:07:44 502 0
main.sh
main.sh~
2016-01-13 22:47:12 load average
22:47:12 load is 0
22:47:12 502 0
